2025-05-09 18:37:40.420 | INFO     | utils.logger:<module>:39 - Logging to file: logs/project_log.log
2025-05-09 18:39:59.095 | INFO     | utils.logger:<module>:39 - Logging to file: logs/project_log.log
2025-05-09 18:39:59.097 | INFO     | __main__:main:171 - ==================================
2025-05-09 18:39:59.097 | INFO     | __main__:main:172 - STARTING prepare_customers_data.py
2025-05-09 18:39:59.097 | INFO     | __main__:main:173 - ==================================
2025-05-09 18:39:59.097 | INFO     | __main__:main:175 - Root         : /Users/katehuntsman/Documents/Business Intelligence/smart-store-huntsman
2025-05-09 18:39:59.097 | INFO     | __main__:main:176 - data/raw     : /Users/katehuntsman/Documents/Business Intelligence/smart-store-huntsman/data/raw
2025-05-09 18:39:59.097 | INFO     | __main__:main:177 - data/prepared: /Users/katehuntsman/Documents/Business Intelligence/smart-store-huntsman/data/prepared
2025-05-09 18:39:59.097 | INFO     | __main__:main:178 - scripts      : /Users/katehuntsman/Documents/Business Intelligence/smart-store-huntsman/scripts
2025-05-09 18:39:59.097 | INFO     | __main__:read_raw_data:58 - READING: /Users/katehuntsman/Documents/Business Intelligence/smart-store-huntsman/data/raw/customers_data.csv.
2025-05-09 18:39:59.101 | INFO     | __main__:main:190 - Initial dataframe columns: CustomerID, Name, Region, JoinDate, LoyaltyPoints, CustomerSegment
2025-05-09 18:39:59.102 | INFO     | __main__:main:191 - Initial dataframe shape: (201, 6)
2025-05-09 18:39:59.102 | INFO     | __main__:remove_duplicates:94 - FUNCTION START: remove_duplicates with dataframe shape=(201, 6)
2025-05-09 18:39:59.104 | INFO     | __main__:remove_duplicates:105 - Original dataframe shape: (201, 6)
2025-05-09 18:39:59.104 | INFO     | __main__:remove_duplicates:106 - Deduped  dataframe shape: (201, 6)
2025-05-09 18:39:59.104 | INFO     | __main__:handle_missing_values:122 - FUNCTION START: handle_missing_values with dataframe shape=(201, 6)
2025-05-09 18:39:59.105 | INFO     | __main__:handle_missing_values:126 - Total missing values before handling: 0
2025-05-09 18:39:59.105 | INFO     | __main__:handle_missing_values:135 - Total missing values after handling: 0
2025-05-09 18:39:59.105 | INFO     | __main__:handle_missing_values:136 - 201 records remaining after handling missing values.
2025-05-09 18:39:59.105 | INFO     | __main__:remove_outliers:150 - FUNCTION START: remove_outliers with dataframe shape=(201, 6)
2025-05-09 18:39:59.105 | INFO     | __main__:remove_outliers:158 - Removed 0 outlier rows
2025-05-09 18:39:59.105 | INFO     | __main__:remove_outliers:159 - 201 records remaining after removing outliers.
2025-05-09 18:39:59.105 | INFO     | __main__:save_prepared_data:76 - FUNCTION START: save_prepared_data with file_name=customers_prepared.csv, dataframe shape=(201, 6)
2025-05-09 18:39:59.106 | INFO     | __main__:save_prepared_data:79 - Data saved to /Users/katehuntsman/Documents/Business Intelligence/smart-store-huntsman/data/prepared/customers_prepared.csv
2025-05-09 18:39:59.107 | INFO     | __main__:main:214 - ==================================
2025-05-09 18:39:59.107 | INFO     | __main__:main:215 - Original shape: (201, 6)
2025-05-09 18:39:59.107 | INFO     | __main__:main:216 - Cleaned shape:  (201, 6)
2025-05-09 18:39:59.107 | INFO     | __main__:main:217 - ==================================
2025-05-09 18:39:59.107 | INFO     | __main__:main:218 - FINISHED prepare_customers_data.py
2025-05-09 18:39:59.107 | INFO     | __main__:main:219 - ==================================
2025-05-09 18:41:06.712 | INFO     | utils.logger:<module>:39 - Logging to file: logs/project_log.log
2025-05-09 18:41:06.713 | INFO     | __main__:main:232 - ==================================
2025-05-09 18:41:06.713 | INFO     | __main__:main:233 - STARTING prepare_products_data.py
2025-05-09 18:41:06.713 | INFO     | __main__:main:234 - ==================================
2025-05-09 18:41:06.713 | INFO     | __main__:main:236 - Root         : /Users/katehuntsman/Documents/Business Intelligence/smart-store-huntsman
2025-05-09 18:41:06.713 | INFO     | __main__:main:237 - data/raw     : /Users/katehuntsman/Documents/Business Intelligence/smart-store-huntsman/data/raw
2025-05-09 18:41:06.713 | INFO     | __main__:main:238 - data/prepared: /Users/katehuntsman/Documents/Business Intelligence/smart-store-huntsman/data/prepared
2025-05-09 18:41:06.713 | INFO     | __main__:main:239 - scripts      : /Users/katehuntsman/Documents/Business Intelligence/smart-store-huntsman/scripts
2025-05-09 18:41:06.713 | INFO     | __main__:read_raw_data:64 - FUNCTION START: read_raw_data with file_name=products_data.csv
2025-05-09 18:41:06.713 | INFO     | __main__:read_raw_data:66 - Reading data from /Users/katehuntsman/Documents/Business Intelligence/smart-store-huntsman/data/raw/products_data.csv
2025-05-09 18:41:06.716 | INFO     | __main__:read_raw_data:68 - Loaded dataframe with 201 rows and 6 columns
2025-05-09 18:41:06.716 | INFO     | __main__:read_raw_data:64 - FUNCTION START: read_raw_data with file_name=products_data.csv
2025-05-09 18:41:06.716 | INFO     | __main__:read_raw_data:66 - Reading data from /Users/katehuntsman/Documents/Business Intelligence/smart-store-huntsman/data/raw/products_data.csv
2025-05-09 18:41:06.717 | INFO     | __main__:read_raw_data:68 - Loaded dataframe with 201 rows and 6 columns
2025-05-09 18:41:06.717 | INFO     | __main__:main:254 - Initial dataframe columns: ProductID, ProductName, Category, UnitPrice, StockQuantity, Supplier
2025-05-09 18:41:06.717 | INFO     | __main__:main:255 - Initial dataframe shape: (201, 6)
2025-05-09 18:41:06.717 | INFO     | __main__:main:264 - Cleaned column names: ProductID -> productid, ProductName -> productname, Category -> category, UnitPrice -> unitprice, StockQuantity -> stockquantity, Supplier -> supplier
2025-05-09 18:41:06.717 | INFO     | __main__:remove_duplicates:101 - FUNCTION START: remove_duplicates with dataframe shape=(201, 6)
2025-05-09 18:41:06.719 | INFO     | __main__:remove_duplicates:111 - Removed 100 duplicate rows
2025-05-09 18:41:06.719 | INFO     | __main__:remove_duplicates:112 - 101 records remaining after removing duplicates.
2025-05-09 18:41:06.719 | INFO     | __main__:handle_missing_values:126 - FUNCTION START: handle_missing_values with dataframe shape=(101, 6)
2025-05-09 18:41:06.719 | INFO     | __main__:handle_missing_values:131 - Missing values by column before handling:
productid        1
productname      1
category         1
unitprice        1
stockquantity    1
supplier         1
dtype: int64
2025-05-09 18:41:06.720 | INFO     | __main__:handle_missing_values:145 - Missing values by column after handling:
productid        1
productname      1
category         1
unitprice        1
stockquantity    1
supplier         1
dtype: int64
2025-05-09 18:41:06.720 | INFO     | __main__:handle_missing_values:146 - 101 records remaining after handling missing values.
2025-05-09 18:41:06.720 | INFO     | __main__:remove_outliers:160 - FUNCTION START: remove_outliers with dataframe shape=(101, 6)
2025-05-09 18:41:06.720 | INFO     | __main__:remove_outliers:179 - Removed 0 outlier rows
2025-05-09 18:41:06.720 | INFO     | __main__:remove_outliers:180 - 101 records remaining after removing outliers.
2025-05-09 18:41:06.720 | INFO     | __main__:validate_data:216 - FUNCTION START: validate_data with dataframe shape=(101, 6)
2025-05-09 18:41:06.720 | INFO     | __main__:validate_data:225 - Data validation complete
2025-05-09 18:41:06.720 | INFO     | __main__:standardize_formats:193 - FUNCTION START: standardize_formats with dataframe shape=(101, 6)
2025-05-09 18:41:06.720 | INFO     | __main__:standardize_formats:203 - Completed standardizing formats
2025-05-09 18:41:06.720 | INFO     | __main__:save_prepared_data:86 - FUNCTION START: save_prepared_data with file_name=products_prepared.csv, dataframe shape=(101, 6)
2025-05-09 18:41:06.721 | INFO     | __main__:save_prepared_data:89 - Data saved to /Users/katehuntsman/Documents/Business Intelligence/smart-store-huntsman/data/prepared/products_prepared.csv
2025-05-09 18:41:06.721 | INFO     | __main__:main:284 - ==================================
2025-05-09 18:41:06.721 | INFO     | __main__:main:285 - Original shape: (101, 6)
2025-05-09 18:41:06.721 | INFO     | __main__:main:286 - Cleaned shape:  (201, 6)
2025-05-09 18:41:06.721 | INFO     | __main__:main:287 - ==================================
2025-05-09 18:41:06.721 | INFO     | __main__:main:288 - FINISHED prepare_products_data.py
2025-05-09 18:41:06.721 | INFO     | __main__:main:289 - ==================================
2025-05-09 18:41:39.471 | INFO     | utils.logger:<module>:39 - Logging to file: logs/project_log.log
2025-05-09 18:41:39.471 | INFO     | __main__:main:89 - ==================================
2025-05-09 18:41:39.471 | INFO     | __main__:main:90 - STARTING prepare_sales_data.py
2025-05-09 18:41:39.471 | INFO     | __main__:main:91 - ==================================
2025-05-09 18:41:39.471 | INFO     | __main__:main:93 - Root         : /Users/katehuntsman/Documents/Business Intelligence/smart-store-huntsman
2025-05-09 18:41:39.471 | INFO     | __main__:main:94 - data/raw     : /Users/katehuntsman/Documents/Business Intelligence/smart-store-huntsman/data/raw
2025-05-09 18:41:39.471 | INFO     | __main__:main:95 - data/prepared: /Users/katehuntsman/Documents/Business Intelligence/smart-store-huntsman/data/prepared
2025-05-09 18:41:39.471 | INFO     | __main__:main:96 - scripts      : /Users/katehuntsman/Documents/Business Intelligence/smart-store-huntsman/scripts
2025-05-09 18:41:39.471 | INFO     | __main__:read_raw_data:66 - FUNCTION START: read_raw_data with file_name=sales_data.csv
2025-05-09 18:41:39.471 | INFO     | __main__:read_raw_data:68 - Reading data from /Users/katehuntsman/Documents/Business Intelligence/smart-store-huntsman/data/raw/sales_data.csv
2025-05-09 18:41:39.476 | INFO     | __main__:read_raw_data:70 - Loaded dataframe with 2001 rows and 9 columns
2025-05-09 18:41:39.476 | INFO     | __main__:main:108 - Initial dataframe columns: TransactionID, SaleDate, CustomerID, ProductID, StoreID, CampaignID, SaleAmount, DiscountPercent, PaymentType
2025-05-09 18:41:39.476 | INFO     | __main__:main:109 - Initial dataframe shape: (2001, 9)
2025-05-09 18:41:39.476 | INFO     | __main__:main:129 - ==================================
2025-05-09 18:41:39.476 | INFO     | __main__:main:130 - Original shape: (2001, 9)
2025-05-09 18:41:39.476 | INFO     | __main__:main:131 - Cleaned shape:  (2001, 9)
2025-05-09 18:41:39.476 | INFO     | __main__:main:132 - ==================================
2025-05-09 18:41:39.476 | INFO     | __main__:main:133 - FINISHED prepare_sales_data.py
2025-05-09 18:41:39.476 | INFO     | __main__:main:134 - ==================================
2025-05-09 18:48:17.299 | INFO     | utils.logger:<module>:39 - Logging to file: logs/project_log.log
2025-05-09 18:48:17.300 | INFO     | __main__:main:89 - ==================================
2025-05-09 18:48:17.300 | INFO     | __main__:main:90 - STARTING prepare_sales_data.py
2025-05-09 18:48:17.300 | INFO     | __main__:main:91 - ==================================
2025-05-09 18:48:17.300 | INFO     | __main__:main:93 - Root         : /Users/katehuntsman/Documents/Business Intelligence/smart-store-huntsman
2025-05-09 18:48:17.300 | INFO     | __main__:main:94 - data/raw     : /Users/katehuntsman/Documents/Business Intelligence/smart-store-huntsman/data/raw
2025-05-09 18:48:17.300 | INFO     | __main__:main:95 - data/prepared: /Users/katehuntsman/Documents/Business Intelligence/smart-store-huntsman/data/prepared
2025-05-09 18:48:17.300 | INFO     | __main__:main:96 - scripts      : /Users/katehuntsman/Documents/Business Intelligence/smart-store-huntsman/scripts
2025-05-09 18:48:17.300 | INFO     | __main__:read_raw_data:66 - FUNCTION START: read_raw_data with file_name=sales_data.csv
2025-05-09 18:48:17.300 | INFO     | __main__:read_raw_data:68 - Reading data from /Users/katehuntsman/Documents/Business Intelligence/smart-store-huntsman/data/raw/sales_data.csv
2025-05-09 18:48:17.308 | INFO     | __main__:read_raw_data:70 - Loaded dataframe with 2001 rows and 9 columns
2025-05-09 18:48:17.308 | INFO     | __main__:main:108 - Initial dataframe columns: TransactionID, SaleDate, CustomerID, ProductID, StoreID, CampaignID, SaleAmount, DiscountPercent, PaymentType
2025-05-09 18:48:17.308 | INFO     | __main__:main:109 - Initial dataframe shape: (2001, 9)
2025-05-09 18:48:17.308 | INFO     | __main__:main:129 - ==================================
2025-05-09 18:48:17.308 | INFO     | __main__:main:130 - Original shape: (2001, 9)
2025-05-09 18:48:17.308 | INFO     | __main__:main:131 - Cleaned shape:  (2001, 9)
2025-05-09 18:48:17.308 | INFO     | __main__:main:132 - ==================================
2025-05-09 18:48:17.308 | INFO     | __main__:main:133 - FINISHED prepare_sales_data.py
2025-05-09 18:48:17.308 | INFO     | __main__:main:134 - ==================================
2025-05-09 18:59:33.649 | INFO     | utils.logger:<module>:39 - Logging to file: logs/project_log.log
2025-05-09 18:59:33.650 | INFO     | __main__:main:89 - ==================================
2025-05-09 18:59:33.650 | INFO     | __main__:main:90 - STARTING prepare_sales_data.py
2025-05-09 18:59:33.650 | INFO     | __main__:main:91 - ==================================
2025-05-09 18:59:33.650 | INFO     | __main__:main:93 - Root         : /Users/katehuntsman/Documents/Business Intelligence/smart-store-huntsman
2025-05-09 18:59:33.650 | INFO     | __main__:main:94 - data/raw     : /Users/katehuntsman/Documents/Business Intelligence/smart-store-huntsman/data/raw
2025-05-09 18:59:33.650 | INFO     | __main__:main:95 - data/prepared: /Users/katehuntsman/Documents/Business Intelligence/smart-store-huntsman/data/prepared
2025-05-09 18:59:33.650 | INFO     | __main__:main:96 - scripts      : /Users/katehuntsman/Documents/Business Intelligence/smart-store-huntsman/scripts
2025-05-09 18:59:33.650 | INFO     | __main__:read_raw_data:66 - FUNCTION START: read_raw_data with file_name=sales_data.csv
2025-05-09 18:59:33.650 | INFO     | __main__:read_raw_data:68 - Reading data from /Users/katehuntsman/Documents/Business Intelligence/smart-store-huntsman/data/raw/sales_data.csv
2025-05-09 18:59:33.654 | INFO     | __main__:read_raw_data:70 - Loaded dataframe with 2001 rows and 9 columns
2025-05-09 18:59:33.654 | INFO     | __main__:main:108 - Initial dataframe columns: TransactionID, SaleDate, CustomerID, ProductID, StoreID, CampaignID, SaleAmount, DiscountPercent, PaymentType
2025-05-09 18:59:33.654 | INFO     | __main__:main:109 - Initial dataframe shape: (2001, 9)
2025-05-09 18:59:33.659 | INFO     | __main__:main:131 - Saved cleaned data to: /Users/katehuntsman/Documents/Business Intelligence/smart-store-huntsman/data/prepared/sales_prepared.csv
2025-05-09 18:59:33.659 | INFO     | __main__:main:133 - ==================================
2025-05-09 18:59:33.659 | INFO     | __main__:main:134 - Original shape: (2001, 9)
2025-05-09 18:59:33.659 | INFO     | __main__:main:135 - Cleaned shape:  (2001, 9)
2025-05-09 18:59:33.659 | INFO     | __main__:main:136 - ==================================
2025-05-09 18:59:33.659 | INFO     | __main__:main:137 - FINISHED prepare_sales_data.py
2025-05-09 18:59:33.659 | INFO     | __main__:main:138 - ==================================
